<?xml version="1.0" encoding="UTF-8"?>
<robot generator="Robot 7.0 (Python 3.11.4 on darwin)" generated="2024-09-10T15:50:15.508235" rpa="false" schemaversion="5">
<suite id="s1" name="PromptPayNationalID" source="/Users/janjira/PycharmProjects/API_Automate_KK/TestCases/PromptPayNationalID.robot">
<test id="s1-t1" name="TestJA" line="20">
<kw name="Log To Console" owner="BuiltIn">
<arg>${user.sender.bank_type.bank_account_no.status.active.account_no}</arg>
<doc>Logs the given message to the console.</doc>
<status status="PASS" start="2024-09-10T15:50:15.666940" elapsed="0.000218"/>
</kw>
<status status="PASS" start="2024-09-10T15:50:15.666478" elapsed="0.000756"/>
</test>
<status status="PASS" start="2024-09-10T15:50:15.508742" elapsed="0.158639"/>
</suite>
<statistics>
<total>
<stat pass="1" fail="0" skip="0">All Tests</stat>
</total>
<tag>
</tag>
<suite>
<stat pass="1" fail="0" skip="0" id="s1" name="PromptPayNationalID">PromptPayNationalID</stat>
</suite>
</statistics>
<errors>
</errors>
</robot>
